<?xml version="1.0" encoding="UTF-8"?>
<beans xmlns="http://www.springframework.org/schema/beans"
	xmlns:xsi="http://www.w3.org/2001/XMLSchema-instance"
	xmlns:context="http://www.springframework.org/schema/context"
	xmlns:p="http://www.springframework.org/schema/p"
	xsi:schemaLocation="http://www.springframework.org/schema/beans http://www.springframework.org/schema/beans/spring-beans.xsd
	http://www.springframework.org/schema/context http://www.springframework.org/schema/context/spring-context-3.0.xsd">

    <context:annotation-config />
    <context:property-placeholder location="classpath:integration.properties" />
    
    <bean id="restTemplate" class="org.springframework.web.client.RestTemplate">
     	<property name="messageConverters">
     	    <list>
	            <bean id="jsonConverter" class="org.springframework.http.converter.json.MappingJacksonHttpMessageConverter">
	                <property name="supportedMediaTypes" value="application/json" />
	            </bean>            
	        </list> 
	    </property>   
     </bean>
     
    
    
	 <bean id="testUrl" class="java.net.URI">
	 	<constructor-arg value="${test.url}" />
	 </bean>
</beans>